11:28:32  ================================================================
11:28:32  run_check.py  [BEFORE]  device=cuda:0
11:28:32    warmup=5  reps=10  shape=(1,3,3,256,256)
11:28:32    log → /media/vilab/osh/vdemoire/base_before/check_results.log
11:28:32  ================================================================
11:28:32  
11:28:32  [PHASE] C1 — __init__  (check=True, 1회, 워밍업 없음)
11:28:33  Network [MTNet] is created.
11:28:34  flops: 606.33 G, macs: 301.11 GMACs, params: 8.91 M
11:28:34  [CHECK] C1 | __init__: get_model_profile (BEFORE)        time= 1338.03ms  peak= 22625.6MB  Δmem=   +33.6MB
11:28:34  Loss [L1Loss] is created.
11:28:34  Loss [L1Loss] is created.
11:28:34  Loss [L1Loss] is created.
11:28:34    전체 __init__ 완료: 1870.0 ms
11:28:34  
11:28:34  [PHASE] 워밍업 (5 iter, check=False, 미로깅)
11:28:35  
11:28:35  [PHASE] C2 — optimize_parameters × 10 (check=True)
11:28:35  [CHECK]   └─ _match_stats ×1 [self_recon]: 2.572 ms
11:28:35  [CHECK] C2 | optimize_parameters (BEFORE)                time=   70.43ms  peak=   986.9MB  Δmem=    +2.4MB
11:28:35  [CHECK]   └─ _match_stats ×1 [self_recon]: 0.522 ms
11:28:35  [CHECK] C2 | optimize_parameters (BEFORE)                time=   75.71ms  peak=   986.6MB  Δmem=    +2.4MB
11:28:35  [CHECK]   └─ _match_stats ×1 [self_recon]: 0.255 ms
11:28:35  [CHECK] C2 | optimize_parameters (BEFORE)                time=   86.64ms  peak=   986.5MB  Δmem=    +2.4MB
11:28:35  [CHECK]   └─ _match_stats ×1 [self_recon]: 0.180 ms
11:28:36  [CHECK] C2 | optimize_parameters (BEFORE)                time=   94.29ms  peak=   985.6MB  Δmem=    +2.4MB
11:28:36  [CHECK]   └─ _match_stats ×1 [self_recon]: 0.844 ms
11:28:36  [CHECK] C2 | optimize_parameters (BEFORE)                time=   87.01ms  peak=   986.9MB  Δmem=    +2.4MB
11:28:36  [CHECK]   └─ _match_stats ×1 [self_recon]: 0.161 ms
11:28:36  [CHECK] C2 | optimize_parameters (BEFORE)                time=   76.70ms  peak=   986.5MB  Δmem=    +2.4MB
11:28:36  [CHECK]   └─ _match_stats ×1 [self_recon]: 0.309 ms
11:28:36  [CHECK] C2 | optimize_parameters (BEFORE)                time=   71.97ms  peak=   985.6MB  Δmem=    +2.4MB
11:28:36  [CHECK]   └─ _match_stats ×1 [self_recon]: 0.216 ms
11:28:36  [CHECK] C2 | optimize_parameters (BEFORE)                time=   86.90ms  peak=   986.6MB  Δmem=    +2.4MB
11:28:36  [CHECK]   └─ _match_stats ×1 [self_recon]: 0.569 ms
11:28:36  [CHECK] C2 | optimize_parameters (BEFORE)                time=   82.70ms  peak=   985.1MB  Δmem=    +2.4MB
11:28:36  [CHECK]   └─ _match_stats ×1 [self_recon]: 0.164 ms
11:28:36  [CHECK] C2 | optimize_parameters (BEFORE)                time=   68.83ms  peak=   985.6MB  Δmem=    +2.4MB
11:28:36  
11:28:36  [PHASE] C3 — test() × 10 (check=True)
11:28:36  [CHECK] C3 | test() [no_grad, BEFORE]                    time=   20.68ms  peak=   231.2MB  Δmem=    +0.8MB
11:28:36  [CHECK] C3 | test() [no_grad, BEFORE]                    time=   20.31ms  peak=   232.8MB  Δmem=    +0.8MB
11:28:36  [CHECK] C3 | test() [no_grad, BEFORE]                    time=   20.83ms  peak=   234.4MB  Δmem=    -0.8MB
11:28:36  [CHECK] C3 | test() [no_grad, BEFORE]                    time=   38.06ms  peak=   234.4MB  Δmem=    +0.8MB
11:28:36  [CHECK] C3 | test() [no_grad, BEFORE]                    time=   23.23ms  peak=   234.4MB  Δmem=    +0.0MB
11:28:36  [CHECK] C3 | test() [no_grad, BEFORE]                    time=   27.94ms  peak=   234.4MB  Δmem=    +0.0MB
11:28:36  [CHECK] C3 | test() [no_grad, BEFORE]                    time=   24.31ms  peak=   234.4MB  Δmem=    +0.0MB
11:28:36  [CHECK] C3 | test() [no_grad, BEFORE]                    time=   29.50ms  peak=   232.8MB  Δmem=    +0.0MB
11:28:36  [CHECK] C3 | test() [no_grad, BEFORE]                    time=   21.40ms  peak=   232.8MB  Δmem=    +0.0MB
11:28:36  [CHECK] C3 | test() [no_grad, BEFORE]                    time=   21.17ms  peak=   232.8MB  Δmem=    +0.0MB
11:28:36  
11:28:36  ━━━━━━━━━━━━━━━━━━━━━━━━━━━━━━━━━━━━━━━━━━━━━━━━━━━━━━━━━━━━━━━━━━━━
11:28:36  [SUMMARY]  BEFORE  (warmup=5, reps=10)
11:28:36  ━━━━━━━━━━━━━━━━━━━━━━━━━━━━━━━━━━━━━━━━━━━━━━━━━━━━━━━━━━━━━━━━━━━━
11:28:36  항목                                        time (ms, mean±std)    peak (MB, mean)
11:28:36  ────────────────────────────────────────────────────────────────────
11:28:36  C1 __init__ (1회 측정, 워밍업 없음)    1870.0 ms
11:28:36  C2 optimize_parameters                80.12 ±  8.58    986.2
11:28:36     └─ _match_stats (C2 내 서브)       0.58 ±  0.73
11:28:36  C3 test()                             24.74 ±  5.66    233.4
11:28:36  ━━━━━━━━━━━━━━━━━━━━━━━━━━━━━━━━━━━━━━━━━━━━━━━━━━━━━━━━━━━━━━━━━━━━
11:28:36  
11:28:36  완료 → /media/vilab/osh/vdemoire/base_before/check_results.log
